{"C:\\Users\\seiga\\Desktop\\Glints\\batch_16\\file-upload\\app.js": {"path":"C:\\Users\\seiga\\Desktop\\Glints\\batch_16\\file-upload\\app.js","statementMap":{"0":{"start":{"line":1,"column":16},"end":{"line":1,"column":34}},"1":{"start":{"line":2,"column":13},"end":{"line":2,"column":28}},"2":{"start":{"line":3,"column":21},"end":{"line":3,"column":45}},"3":{"start":{"line":4,"column":15},"end":{"line":4,"column":32}},"4":{"start":{"line":6,"column":20},"end":{"line":6,"column":45}},"5":{"start":{"line":8,"column":12},"end":{"line":8,"column":21}},"6":{"start":{"line":10,"column":0},"end":{"line":10,"column":23}},"7":{"start":{"line":11,"column":0},"end":{"line":11,"column":24}},"8":{"start":{"line":12,"column":0},"end":{"line":12,"column":49}},"9":{"start":{"line":13,"column":0},"end":{"line":13,"column":24}},"10":{"start":{"line":14,"column":0},"end":{"line":14,"column":56}},"11":{"start":{"line":16,"column":0},"end":{"line":16,"column":32}},"12":{"start":{"line":18,"column":0},"end":{"line":18,"column":21}}},"fnMap":{},"branchMap":{},"s":{"0":1,"1":1,"2":1,"3":1,"4":1,"5":1,"6":1,"7":1,"8":1,"9":1,"10":1,"11":1,"12":1},"f":{},"b":{},"_coverageSchema":"1a1c01bbd47fc00a2c39e90264f33305004495a9","hash":"b2f1dc3b9ef5bd33a740fe11a70a8c715c7c749d"}
,"C:\\Users\\seiga\\Desktop\\Glints\\batch_16\\file-upload\\config\\cloudinary.js": {"path":"C:\\Users\\seiga\\Desktop\\Glints\\batch_16\\file-upload\\config\\cloudinary.js","statementMap":{"0":{"start":{"line":1,"column":19},"end":{"line":1,"column":43}},"1":{"start":{"line":3,"column":0},"end":{"line":7,"column":2}},"2":{"start":{"line":9,"column":0},"end":{"line":9,"column":27}}},"fnMap":{},"branchMap":{},"s":{"0":1,"1":1,"2":1},"f":{},"b":{},"_coverageSchema":"1a1c01bbd47fc00a2c39e90264f33305004495a9","hash":"4f5a74e850c68c0066a24e20c37bdf2fead551f5"}
,"C:\\Users\\seiga\\Desktop\\Glints\\batch_16\\file-upload\\controllers\\user-controller.js": {"path":"C:\\Users\\seiga\\Desktop\\Glints\\batch_16\\file-upload\\controllers\\user-controller.js","statementMap":{"0":{"start":{"line":1,"column":18},"end":{"line":1,"column":38}},"1":{"start":{"line":2,"column":12},"end":{"line":2,"column":26}},"2":{"start":{"line":3,"column":10},"end":{"line":3,"column":28}},"3":{"start":{"line":5,"column":0},"end":{"line":65,"column":2}},"4":{"start":{"line":7,"column":27},"end":{"line":7,"column":30}},"5":{"start":{"line":8,"column":4},"end":{"line":45,"column":5}},"6":{"start":{"line":9,"column":21},"end":{"line":14,"column":8}},"7":{"start":{"line":16,"column":24},"end":{"line":19,"column":8}},"8":{"start":{"line":21,"column":6},"end":{"line":27,"column":7}},"9":{"start":{"line":22,"column":8},"end":{"line":26,"column":11}},"10":{"start":{"line":29,"column":19},"end":{"line":32,"column":8}},"11":{"start":{"line":34,"column":6},"end":{"line":38,"column":9}},"12":{"start":{"line":40,"column":6},"end":{"line":44,"column":9}},"13":{"start":{"line":48,"column":4},"end":{"line":63,"column":5}},"14":{"start":{"line":49,"column":20},"end":{"line":51,"column":8}},"15":{"start":{"line":52,"column":6},"end":{"line":56,"column":9}},"16":{"start":{"line":58,"column":6},"end":{"line":62,"column":9}}},"fnMap":{"0":{"name":"(anonymous_0)","decl":{"start":{"line":6,"column":14},"end":{"line":6,"column":15}},"loc":{"start":{"line":6,"column":34},"end":{"line":46,"column":3}},"line":6},"1":{"name":"(anonymous_1)","decl":{"start":{"line":47,"column":14},"end":{"line":47,"column":15}},"loc":{"start":{"line":47,"column":34},"end":{"line":64,"column":3}},"line":47}},"branchMap":{"0":{"loc":{"start":{"line":21,"column":6},"end":{"line":27,"column":7}},"type":"if","locations":[{"start":{"line":21,"column":6},"end":{"line":27,"column":7}},{"start":{},"end":{}}],"line":21}},"s":{"0":1,"1":1,"2":1,"3":1,"4":1,"5":1,"6":1,"7":1,"8":1,"9":0,"10":1,"11":1,"12":0,"13":1,"14":1,"15":1,"16":0},"f":{"0":1,"1":1},"b":{"0":[0,1]},"_coverageSchema":"1a1c01bbd47fc00a2c39e90264f33305004495a9","hash":"ca23ec6a098f8fc69763bb45b909e674fe2634df"}
,"C:\\Users\\seiga\\Desktop\\Glints\\batch_16\\file-upload\\middlewares\\file-upload.js": {"path":"C:\\Users\\seiga\\Desktop\\Glints\\batch_16\\file-upload\\middlewares\\file-upload.js","statementMap":{"0":{"start":{"line":1,"column":15},"end":{"line":1,"column":32}},"1":{"start":{"line":2,"column":19},"end":{"line":2,"column":50}},"2":{"start":{"line":3,"column":30},"end":{"line":3,"column":66}},"3":{"start":{"line":5,"column":0},"end":{"line":84,"column":2}},"4":{"start":{"line":7,"column":4},"end":{"line":39,"column":5}},"5":{"start":{"line":8,"column":22},"end":{"line":16,"column":8}},"6":{"start":{"line":10,"column":10},"end":{"line":10,"column":38}},"7":{"start":{"line":13,"column":31},"end":{"line":13,"column":81}},"8":{"start":{"line":14,"column":10},"end":{"line":14,"column":61}},"9":{"start":{"line":18,"column":21},"end":{"line":18,"column":67}},"10":{"start":{"line":20,"column":6},"end":{"line":31,"column":8}},"11":{"start":{"line":21,"column":8},"end":{"line":30,"column":11}},"12":{"start":{"line":22,"column":10},"end":{"line":28,"column":11}},"13":{"start":{"line":23,"column":12},"end":{"line":27,"column":15}},"14":{"start":{"line":29,"column":10},"end":{"line":29,"column":17}},"15":{"start":{"line":33,"column":6},"end":{"line":33,"column":25}},"16":{"start":{"line":34,"column":6},"end":{"line":38,"column":9}},"17":{"start":{"line":42,"column":4},"end":{"line":82,"column":5}},"18":{"start":{"line":43,"column":22},"end":{"line":53,"column":8}},"19":{"start":{"line":49,"column":33},"end":{"line":49,"column":83}},"20":{"start":{"line":50,"column":12},"end":{"line":50,"column":60}},"21":{"start":{"line":54,"column":21},"end":{"line":54,"column":50}},"22":{"start":{"line":55,"column":25},"end":{"line":61,"column":7}},"23":{"start":{"line":56,"column":8},"end":{"line":58,"column":9}},"24":{"start":{"line":57,"column":10},"end":{"line":57,"column":56}},"25":{"start":{"line":60,"column":8},"end":{"line":60,"column":23}},"26":{"start":{"line":62,"column":21},"end":{"line":62,"column":78}},"27":{"start":{"line":64,"column":6},"end":{"line":75,"column":8}},"28":{"start":{"line":65,"column":8},"end":{"line":74,"column":11}},"29":{"start":{"line":66,"column":10},"end":{"line":72,"column":11}},"30":{"start":{"line":67,"column":12},"end":{"line":71,"column":15}},"31":{"start":{"line":73,"column":10},"end":{"line":73,"column":17}},"32":{"start":{"line":77,"column":6},"end":{"line":81,"column":9}}},"fnMap":{"0":{"name":"(anonymous_0)","decl":{"start":{"line":6,"column":15},"end":{"line":6,"column":16}},"loc":{"start":{"line":6,"column":30},"end":{"line":40,"column":3}},"line":6},"1":{"name":"(anonymous_1)","decl":{"start":{"line":9,"column":21},"end":{"line":9,"column":22}},"loc":{"start":{"line":9,"column":46},"end":{"line":11,"column":9}},"line":9},"2":{"name":"(anonymous_2)","decl":{"start":{"line":12,"column":18},"end":{"line":12,"column":19}},"loc":{"start":{"line":12,"column":43},"end":{"line":15,"column":9}},"line":12},"3":{"name":"(anonymous_3)","decl":{"start":{"line":20,"column":13},"end":{"line":20,"column":14}},"loc":{"start":{"line":20,"column":33},"end":{"line":31,"column":7}},"line":20},"4":{"name":"(anonymous_4)","decl":{"start":{"line":21,"column":25},"end":{"line":21,"column":26}},"loc":{"start":{"line":21,"column":34},"end":{"line":30,"column":9}},"line":21},"5":{"name":"(anonymous_5)","decl":{"start":{"line":41,"column":15},"end":{"line":41,"column":16}},"loc":{"start":{"line":41,"column":30},"end":{"line":83,"column":3}},"line":41},"6":{"name":"(anonymous_6)","decl":{"start":{"line":48,"column":21},"end":{"line":48,"column":22}},"loc":{"start":{"line":48,"column":36},"end":{"line":51,"column":11}},"line":48},"7":{"name":"(anonymous_7)","decl":{"start":{"line":55,"column":25},"end":{"line":55,"column":26}},"loc":{"start":{"line":55,"column":44},"end":{"line":61,"column":7}},"line":55},"8":{"name":"(anonymous_8)","decl":{"start":{"line":64,"column":13},"end":{"line":64,"column":14}},"loc":{"start":{"line":64,"column":33},"end":{"line":75,"column":7}},"line":64},"9":{"name":"(anonymous_9)","decl":{"start":{"line":65,"column":25},"end":{"line":65,"column":26}},"loc":{"start":{"line":65,"column":34},"end":{"line":74,"column":9}},"line":65}},"branchMap":{"0":{"loc":{"start":{"line":22,"column":10},"end":{"line":28,"column":11}},"type":"if","locations":[{"start":{"line":22,"column":10},"end":{"line":28,"column":11}},{"start":{},"end":{}}],"line":22},"1":{"loc":{"start":{"line":56,"column":8},"end":{"line":58,"column":9}},"type":"if","locations":[{"start":{"line":56,"column":8},"end":{"line":58,"column":9}},{"start":{},"end":{}}],"line":56},"2":{"loc":{"start":{"line":66,"column":10},"end":{"line":72,"column":11}},"type":"if","locations":[{"start":{"line":66,"column":10},"end":{"line":72,"column":11}},{"start":{},"end":{}}],"line":66}},"s":{"0":1,"1":1,"2":1,"3":1,"4":0,"5":0,"6":0,"7":0,"8":0,"9":0,"10":0,"11":0,"12":0,"13":0,"14":0,"15":0,"16":0,"17":1,"18":1,"19":1,"20":1,"21":1,"22":1,"23":1,"24":0,"25":1,"26":1,"27":1,"28":1,"29":1,"30":0,"31":1,"32":0},"f":{"0":0,"1":0,"2":0,"3":0,"4":0,"5":1,"6":1,"7":1,"8":1,"9":1},"b":{"0":[0,0],"1":[0,1],"2":[0,1]},"_coverageSchema":"1a1c01bbd47fc00a2c39e90264f33305004495a9","hash":"5414cfbb5edf1abde1ddc8710ce14c387c122256"}
,"C:\\Users\\seiga\\Desktop\\Glints\\batch_16\\file-upload\\models\\index.js": {"path":"C:\\Users\\seiga\\Desktop\\Glints\\batch_16\\file-upload\\models\\index.js","statementMap":{"0":{"start":{"line":3,"column":11},"end":{"line":3,"column":24}},"1":{"start":{"line":4,"column":13},"end":{"line":4,"column":28}},"2":{"start":{"line":5,"column":18},"end":{"line":5,"column":38}},"3":{"start":{"line":6,"column":17},"end":{"line":6,"column":42}},"4":{"start":{"line":7,"column":12},"end":{"line":7,"column":49}},"5":{"start":{"line":8,"column":15},"end":{"line":8,"column":65}},"6":{"start":{"line":9,"column":11},"end":{"line":9,"column":13}},"7":{"start":{"line":12,"column":0},"end":{"line":16,"column":1}},"8":{"start":{"line":13,"column":2},"end":{"line":13,"column":74}},"9":{"start":{"line":15,"column":2},"end":{"line":15,"column":87}},"10":{"start":{"line":18,"column":0},"end":{"line":26,"column":5}},"11":{"start":{"line":21,"column":4},"end":{"line":21,"column":90}},"12":{"start":{"line":24,"column":18},"end":{"line":24,"column":85}},"13":{"start":{"line":25,"column":4},"end":{"line":25,"column":27}},"14":{"start":{"line":28,"column":0},"end":{"line":32,"column":3}},"15":{"start":{"line":29,"column":2},"end":{"line":31,"column":3}},"16":{"start":{"line":30,"column":4},"end":{"line":30,"column":32}},"17":{"start":{"line":34,"column":0},"end":{"line":34,"column":25}},"18":{"start":{"line":35,"column":0},"end":{"line":35,"column":25}},"19":{"start":{"line":37,"column":0},"end":{"line":37,"column":20}}},"fnMap":{"0":{"name":"(anonymous_0)","decl":{"start":{"line":20,"column":10},"end":{"line":20,"column":11}},"loc":{"start":{"line":20,"column":18},"end":{"line":22,"column":3}},"line":20},"1":{"name":"(anonymous_1)","decl":{"start":{"line":23,"column":11},"end":{"line":23,"column":12}},"loc":{"start":{"line":23,"column":19},"end":{"line":26,"column":3}},"line":23},"2":{"name":"(anonymous_2)","decl":{"start":{"line":28,"column":24},"end":{"line":28,"column":25}},"loc":{"start":{"line":28,"column":37},"end":{"line":32,"column":1}},"line":28}},"branchMap":{"0":{"loc":{"start":{"line":7,"column":12},"end":{"line":7,"column":49}},"type":"binary-expr","locations":[{"start":{"line":7,"column":12},"end":{"line":7,"column":32}},{"start":{"line":7,"column":36},"end":{"line":7,"column":49}}],"line":7},"1":{"loc":{"start":{"line":12,"column":0},"end":{"line":16,"column":1}},"type":"if","locations":[{"start":{"line":12,"column":0},"end":{"line":16,"column":1}},{"start":{"line":14,"column":7},"end":{"line":16,"column":1}}],"line":12},"2":{"loc":{"start":{"line":21,"column":11},"end":{"line":21,"column":89}},"type":"binary-expr","locations":[{"start":{"line":21,"column":12},"end":{"line":21,"column":35}},{"start":{"line":21,"column":41},"end":{"line":21,"column":58}},{"start":{"line":21,"column":64},"end":{"line":21,"column":88}}],"line":21},"3":{"loc":{"start":{"line":29,"column":2},"end":{"line":31,"column":3}},"type":"if","locations":[{"start":{"line":29,"column":2},"end":{"line":31,"column":3}},{"start":{},"end":{}}],"line":29}},"s":{"0":1,"1":1,"2":1,"3":1,"4":1,"5":1,"6":1,"7":1,"8":0,"9":1,"10":1,"11":2,"12":1,"13":1,"14":1,"15":1,"16":1,"17":1,"18":1,"19":1},"f":{"0":2,"1":1,"2":1},"b":{"0":[1,0],"1":[0,1],"2":[2,2,1],"3":[1,0]},"_coverageSchema":"1a1c01bbd47fc00a2c39e90264f33305004495a9","hash":"5df7d2ed48b05fde84382ddb03574e79becd853f"}
,"C:\\Users\\seiga\\Desktop\\Glints\\batch_16\\file-upload\\models\\users.js": {"path":"C:\\Users\\seiga\\Desktop\\Glints\\batch_16\\file-upload\\models\\users.js","statementMap":{"0":{"start":{"line":4,"column":4},"end":{"line":4,"column":24}},"1":{"start":{"line":5,"column":0},"end":{"line":26,"column":2}},"2":{"start":{"line":16,"column":2},"end":{"line":24,"column":5}},"3":{"start":{"line":25,"column":2},"end":{"line":25,"column":15}}},"fnMap":{"0":{"name":"(anonymous_0)","decl":{"start":{"line":5,"column":17},"end":{"line":5,"column":18}},"loc":{"start":{"line":5,"column":43},"end":{"line":26,"column":1}},"line":5},"1":{"name":"(anonymous_1)","decl":{"start":{"line":12,"column":4},"end":{"line":12,"column":5}},"loc":{"start":{"line":12,"column":29},"end":{"line":14,"column":5}},"line":12}},"branchMap":{},"s":{"0":1,"1":1,"2":1,"3":1},"f":{"0":1,"1":1},"b":{},"_coverageSchema":"1a1c01bbd47fc00a2c39e90264f33305004495a9","hash":"3d3260cf35ed925cecb3b300b1e4a3a8ad9cff70"}
,"C:\\Users\\seiga\\Desktop\\Glints\\batch_16\\file-upload\\routes\\index.js": {"path":"C:\\Users\\seiga\\Desktop\\Glints\\batch_16\\file-upload\\routes\\index.js","statementMap":{"0":{"start":{"line":1,"column":16},"end":{"line":1,"column":34}},"1":{"start":{"line":2,"column":15},"end":{"line":2,"column":31}},"2":{"start":{"line":3,"column":19},"end":{"line":3,"column":37}},"3":{"start":{"line":6,"column":0},"end":{"line":11,"column":3}},"4":{"start":{"line":7,"column":2},"end":{"line":10,"column":4}},"5":{"start":{"line":13,"column":0},"end":{"line":13,"column":32}},"6":{"start":{"line":15,"column":0},"end":{"line":15,"column":24}}},"fnMap":{"0":{"name":"(anonymous_0)","decl":{"start":{"line":6,"column":16},"end":{"line":6,"column":17}},"loc":{"start":{"line":6,"column":35},"end":{"line":11,"column":1}},"line":6}},"branchMap":{},"s":{"0":1,"1":1,"2":1,"3":1,"4":0,"5":1,"6":1},"f":{"0":0},"b":{},"_coverageSchema":"1a1c01bbd47fc00a2c39e90264f33305004495a9","hash":"532888f83405a8a7e6811a85ed33b71114103d26"}
,"C:\\Users\\seiga\\Desktop\\Glints\\batch_16\\file-upload\\routes\\users.js": {"path":"C:\\Users\\seiga\\Desktop\\Glints\\batch_16\\file-upload\\routes\\users.js","statementMap":{"0":{"start":{"line":1,"column":16},"end":{"line":1,"column":34}},"1":{"start":{"line":2,"column":35},"end":{"line":2,"column":76}},"2":{"start":{"line":3,"column":37},"end":{"line":3,"column":74}},"3":{"start":{"line":4,"column":15},"end":{"line":4,"column":31}},"4":{"start":{"line":6,"column":0},"end":{"line":6,"column":49}},"5":{"start":{"line":7,"column":0},"end":{"line":7,"column":28}},"6":{"start":{"line":9,"column":0},"end":{"line":9,"column":24}}},"fnMap":{},"branchMap":{},"s":{"0":1,"1":1,"2":1,"3":1,"4":1,"5":1,"6":1},"f":{},"b":{},"_coverageSchema":"1a1c01bbd47fc00a2c39e90264f33305004495a9","hash":"9ad9cff448cd7069798fef1426f59168bf011698"}
}
