TN:
SF:app.js
FNF:0
FNH:0
DA:1,1
DA:2,1
DA:3,1
DA:4,1
DA:6,1
DA:8,1
DA:10,1
DA:11,1
DA:12,1
DA:13,1
DA:14,1
DA:16,1
DA:18,1
LF:13
LH:13
BRF:0
BRH:0
end_of_record
TN:
SF:config\cloudinary.js
FNF:0
FNH:0
DA:1,1
DA:3,1
DA:9,1
LF:3
LH:3
BRF:0
BRH:0
end_of_record
TN:
SF:controllers\user-controller.js
FN:6,(anonymous_0)
FN:47,(anonymous_1)
FNF:2
FNH:2
FNDA:1,(anonymous_0)
FNDA:1,(anonymous_1)
DA:1,1
DA:2,1
DA:3,1
DA:5,1
DA:7,1
DA:8,1
DA:9,1
DA:16,1
DA:21,1
DA:22,0
DA:29,1
DA:34,1
DA:40,0
DA:48,1
DA:49,1
DA:52,1
DA:58,0
LF:17
LH:14
BRDA:21,0,0,0
BRDA:21,0,1,1
BRF:2
BRH:1
end_of_record
TN:
SF:middlewares\file-upload.js
FN:6,(anonymous_0)
FN:9,(anonymous_1)
FN:12,(anonymous_2)
FN:20,(anonymous_3)
FN:21,(anonymous_4)
FN:41,(anonymous_5)
FN:48,(anonymous_6)
FN:55,(anonymous_7)
FN:64,(anonymous_8)
FN:65,(anonymous_9)
FNF:10
FNH:5
FNDA:0,(anonymous_0)
FNDA:0,(anonymous_1)
FNDA:0,(anonymous_2)
FNDA:0,(anonymous_3)
FNDA:0,(anonymous_4)
FNDA:1,(anonymous_5)
FNDA:1,(anonymous_6)
FNDA:1,(anonymous_7)
FNDA:1,(anonymous_8)
FNDA:1,(anonymous_9)
DA:1,1
DA:2,1
DA:3,1
DA:5,1
DA:7,0
DA:8,0
DA:10,0
DA:13,0
DA:14,0
DA:18,0
DA:20,0
DA:21,0
DA:22,0
DA:23,0
DA:29,0
DA:33,0
DA:34,0
DA:42,1
DA:43,1
DA:49,1
DA:50,1
DA:54,1
DA:55,1
DA:56,1
DA:57,0
DA:60,1
DA:62,1
DA:64,1
DA:65,1
DA:66,1
DA:67,0
DA:73,1
DA:77,0
LF:33
LH:17
BRDA:22,0,0,0
BRDA:22,0,1,0
BRDA:56,1,0,0
BRDA:56,1,1,1
BRDA:66,2,0,0
BRDA:66,2,1,1
BRF:6
BRH:2
end_of_record
TN:
SF:models\index.js
FN:20,(anonymous_0)
FN:23,(anonymous_1)
FN:28,(anonymous_2)
FNF:3
FNH:3
FNDA:2,(anonymous_0)
FNDA:1,(anonymous_1)
FNDA:1,(anonymous_2)
DA:3,1
DA:4,1
DA:5,1
DA:6,1
DA:7,1
DA:8,1
DA:9,1
DA:12,1
DA:13,0
DA:15,1
DA:18,1
DA:21,2
DA:24,1
DA:25,1
DA:28,1
DA:29,1
DA:30,1
DA:34,1
DA:35,1
DA:37,1
LF:20
LH:19
BRDA:7,0,0,1
BRDA:7,0,1,0
BRDA:12,1,0,0
BRDA:12,1,1,1
BRDA:21,2,0,2
BRDA:21,2,1,2
BRDA:21,2,2,1
BRDA:29,3,0,1
BRDA:29,3,1,0
BRF:9
BRH:6
end_of_record
TN:
SF:models\users.js
FN:5,(anonymous_0)
FN:12,(anonymous_1)
FNF:2
FNH:2
FNDA:1,(anonymous_0)
FNDA:1,(anonymous_1)
DA:4,1
DA:5,1
DA:16,1
DA:25,1
LF:4
LH:4
BRF:0
BRH:0
end_of_record
TN:
SF:routes\index.js
FN:6,(anonymous_0)
FNF:1
FNH:0
FNDA:0,(anonymous_0)
DA:1,1
DA:2,1
DA:3,1
DA:6,1
DA:7,0
DA:13,1
DA:15,1
LF:7
LH:6
BRF:0
BRH:0
end_of_record
TN:
SF:routes\users.js
FNF:0
FNH:0
DA:1,1
DA:2,1
DA:3,1
DA:4,1
DA:6,1
DA:7,1
DA:9,1
LF:7
LH:7
BRF:0
BRH:0
end_of_record
